############# 27 FEATURES, 27 TARGETS #############

### RANDOM ###
0.634344, +/- 0.001230

### SVR ###
0.180670, +/- 0.000191

### LR ###
0.183335, +/- 0.000112

### MLP ###
0.181864, +/- 0.000003 

### ASO ###
0.171602, +/- 0.000246

### CASO ###
0.172800, +/- 0.000227

### CMTL ###
0.843389, +/- 0.316171 

######################
MultiLinCFA:
LR --> 0.16158043284310858 +/- 0.000474

SVM --> 0.15865652396694693 +/- 0.000345

MLP --> 0.1602968108924901 +/- 0.000405

6 reduced

############# 27 FEATURES, ALL 139 TARGETS #############

### RANDOM ###
0.641255, +/- 0.000294

### SVR ###
0.162184, +/- 0.000005

### LR ###
0.165391, +/- 0.000003

### MLP ###
0.173637, +/- 0.000008

### ASO ###
0.152058, +/- 0.000006

### CASO ###
0.154294, +/- 0.000006

### CMTL ###
1.187388, +/- 3.962304

######################
MultiLinCFA:
LR --> 0.15885049090255138 +/- 0.000236

SVM --> 0.15509080699601172 +/- 0.000446

MLP --> 0.16727646015627384 +/- 0.000306

8 reduced 
