### CONFIGURAZIONE BASE ###

noise: 7.5, n_reps: 10, n_tasks: 10, n_feats: 100, train_dim: 250, eps: (0.0, 0.0001)

WARNING:root:R2:
	single: 0.487636197488439, aggregate: 0.64105641135337, CI: 33.445613±3.307263%
WARNING:root:MSE:
	single: 93.40309141661362, aggregate: 65.40801034712655, CI: 29.443205±1.449485%
WARNING:root:Aggregations: 2.0±0.0
WARNING:root:FEATURES--> R2:
	single: 0.487636197488439, aggregate: 0.6712688877500225, CI: 39.822628±3.420398%
WARNING:root:MSE:
	single: 93.40309141661362, aggregate: 59.84959333789663, CI: 35.362649±1.268365%
WARNING:root:Aggregations: 3.43±0.175866

######################################################################################################

### CHANGE NUMBER OF SAMPLES ###
0) 250 samples
WARNING:root:R2:
	single: 0.487636197488439, aggregate: 0.64105641135337, CI: 33.445613±3.307263%
WARNING:root:MSE:
	single: 93.40309141661362, aggregate: 65.40801034712655, CI: 29.443205±1.449485%
WARNING:root:Aggregations: 2.0±0.0
WARNING:root:FEATURES--> R2:
	single: 0.487636197488439, aggregate: 0.6712688877500225, CI: 39.822628±3.420398%
WARNING:root:MSE:
	single: 93.40309141661362, aggregate: 59.84959333789663, CI: 35.362649±1.268365%
WARNING:root:Aggregations: 3.43±0.175866

1) 150 samples
WARNING:root:R2:
	single: 0.11882056317245081, aggregate: 0.5289022731353916, CI: -458.940352±950.603274%
WARNING:root:MSE:
	single: 170.96971618656045, aggregate: 91.64330997890029, CI: 45.107776±3.468937%
WARNING:root:Aggregations: 2.9±0.433864
WARNING:root:FEATURES--> R2:
	single: 0.11882056317245081, aggregate: 0.6684760205265334, CI: -453.283755±1102.447253%
WARNING:root:MSE:
	single: 170.96971618656045, aggregate: 64.37880745815704, CI: 60.902265±1.824949%
WARNING:root:Aggregations: 4.14±0.173147

2) 200 samples
WARNING:root:R2:
	single: 0.38143941561481376, aggregate: 0.6074799153714117, CI: 76.382879±18.498934%
WARNING:root:MSE:
	single: 112.56098650931615, aggregate: 71.46837453748815, CI: 35.908159±2.24667%
WARNING:root:Aggregations: 2.4±0.303642
WARNING:root:FEATURES--> R2:
	single: 0.38143941561481376, aggregate: 0.6631293483855503, CI: 93.653622±20.722108%
WARNING:root:MSE:
	single: 112.56098650931615, aggregate: 61.43377887988446, CI: 44.854768±1.416006%
WARNING:root:Aggregations: 4.03±0.14786

3) 300 samples
WARNING:root:R2:
	single: 0.5550939453118702, aggregate: 0.6609118366662375, CI: 20.104729±2.01353%
WARNING:root:MSE:
	single: 82.78342901683183, aggregate: 63.14970126569537, CI: 23.304296±1.445498%
WARNING:root:Aggregations: 2.1±0.185942
WARNING:root:FEATURES--> R2:
	single: 0.5550939453118702, aggregate: 0.6859005325764207, CI: 24.818542±2.199731%
WARNING:root:MSE:
	single: 82.78342901683183, aggregate: 58.52036638259347, CI: 28.84614±1.276311%
WARNING:root:Aggregations: 3.62±0.172614

4) 400 samples
WARNING:root:R2:
	single: 0.5967300797984716, aggregate: 0.6700585655027183, CI: 12.685271±1.175894%
WARNING:root:MSE:
	single: 74.88661013642087, aggregate: 61.31528640263753, CI: 17.856177±1.230433%
WARNING:root:Aggregations: 2.0±0.0
WARNING:root:FEATURES--> R2:
	single: 0.5967300797984716, aggregate: 0.6821578945040297, CI: 14.790413±1.269487%
WARNING:root:MSE:
	single: 74.88661013642087, aggregate: 59.12675448299512, CI: 20.77568±1.213517%
WARNING:root:Aggregations: 3.22±0.098313

5) 500 samples
WARNING:root:R2:
	single: 0.6278012333742415, aggregate: 0.6803912043075983, CI: 8.640048±0.972402%
WARNING:root:MSE:
	single: 70.89477747524782, aggregate: 60.91997020216887, CI: 13.73369±1.278483%
WARNING:root:Aggregations: 2.0±0.0
WARNING:root:FEATURES--> R2:
	single: 0.6278012333742415, aggregate: 0.6875351792760073, CI: 9.796273±1.003937%
WARNING:root:MSE:
	single: 70.89477747524782, aggregate: 59.571161351614684, CI: 15.647016±1.269029%
WARNING:root:Aggregations: 3.25±0.105093

6) 750 samples
WARNING:root:R2:
	single: 0.6469080726228635, aggregate: 0.6773026962330565, CI: 4.783472±0.588654%
WARNING:root:MSE:
	single: 65.42963043296773, aggregate: 59.76167204004437, CI: 8.487049±0.964583%
WARNING:root:Aggregations: 2.0±0.0
WARNING:root:FEATURES--> R2:
	single: 0.6469080726228635, aggregate: 0.6814528930684571, CI: 5.432801±0.631164%
WARNING:root:MSE:
	single: 65.42963043296773, aggregate: 58.996246158299165, CI: 9.662999±1.028575%
WARNING:root:Aggregations: 3.11±0.072784

7) 1000 samples
WARNING:root:R2:
	single: 0.6634000455293207, aggregate: 0.6818541038844463, CI: 2.851757±0.496082%
WARNING:root:MSE:
	single: 62.04318868437765, aggregate: 58.662568069626325, CI: 5.362097±0.899913%
WARNING:root:Aggregations: 2.0±0.0
WARNING:root:FEATURES--> R2:
	single: 0.6634000455293207, aggregate: 0.6838141087671705, CI: 3.154782±0.52225%
WARNING:root:MSE:
	single: 62.04318868437765, aggregate: 58.30755655675028, CI: 5.932857±0.962679%
WARNING:root:Aggregations: 2.93±0.088764

8) 10000 samples 
WARNING:root:R2:
	single: 0.7053318608976938, aggregate: 0.7001491347596146, CI: -0.733231±0.793427%
WARNING:root:MSE:
	single: 56.490979182581796, aggregate: 57.53641375536525, CI: -1.819212±1.864278%
WARNING:root:Aggregations: 2.0±0.0
WARNING:root:FEATURES--> R2:
	single: 0.7053318608976938, aggregate: 0.6985156204601692, CI: -0.973481±1.077289%
WARNING:root:MSE:
	single: 56.490979182581796, aggregate: 57.86007546468445, CI: -2.344054±2.46042%
WARNING:root:Aggregations: 3.0±0.0

######################################################################################################

### CHANGE NUMBER OF FEATURES ###

0) 100 features
WARNING:root:R2:
	single: 0.487636197488439, aggregate: 0.64105641135337, CI: 33.445613±3.307263%
WARNING:root:MSE:
	single: 93.40309141661362, aggregate: 65.40801034712655, CI: 29.443205±1.449485%
WARNING:root:Aggregations: 2.0±0.0
WARNING:root:FEATURES--> R2:
	single: 0.487636197488439, aggregate: 0.6712688877500225, CI: 39.822628±3.420398%
WARNING:root:MSE:
	single: 93.40309141661362, aggregate: 59.84959333789663, CI: 35.362649±1.268365%
WARNING:root:Aggregations: 3.43±0.175866

1) 10 features
WARNING:root:R2:
	single: 0.12350592867291621, aggregate: 0.14931110693803368, CI: 54.706172±58.344375%
WARNING:root:MSE:
	single: 58.272994738914356, aggregate: 56.55276162454151, CI: 2.878322±0.693644%
WARNING:root:Aggregations: 2.1±0.185942
WARNING:root:FEATURES--> R2:
	single: 0.12350592867291621, aggregate: 0.15261230008505078, CI: 59.782197±63.028051%
WARNING:root:MSE:
	single: 58.272994738914356, aggregate: 56.33799845935417, CI: 3.242968±0.723013%
WARNING:root:Aggregations: 1.87±0.143107

2) 25 features
WARNING:root:R2:
	single: 0.26673428528380205, aggregate: 0.32857651564531104, CI: 28.899686±5.505165%
WARNING:root:MSE:
	single: 62.50970644818628, aggregate: 57.277128260233276, CI: 8.156718±0.988886%
WARNING:root:Aggregations: 2.0±0.0
WARNING:root:FEATURES--> R2:
	single: 0.26673428528380205, aggregate: 0.3375085588517617, CI: 32.772031±5.966495%
WARNING:root:MSE:
	single: 62.50970644818628, aggregate: 56.514869406242624, CI: 9.35945±1.02246%
WARNING:root:Aggregations: 2.85±0.147652

3) 50 features
WARNING:root:R2:
	single: 0.41738091057087856, aggregate: 0.5071322420061687, CI: 24.022007±3.486636%
WARNING:root:MSE:
	single: 70.30302835578334, aggregate: 59.477820195639964, CI: 15.133014±1.109268%
WARNING:root:Aggregations: 2.0±0.0
WARNING:root:FEATURES--> R2:
	single: 0.41738091057087856, aggregate: 0.5193609200434202, CI: 27.195081±3.643679%
WARNING:root:MSE:
	single: 70.30302835578334, aggregate: 58.029743601980414, CI: 17.209025±1.057639%
WARNING:root:Aggregations: 3.45±0.128152

4) 75 features
WARNING:root:R2:
	single: 0.4859986105967635, aggregate: 0.6011685056722729, CI: 24.623622±2.215103%
WARNING:root:MSE:
	single: 79.20121095684458, aggregate: 61.39516161399557, CI: 22.088248±1.387596%
WARNING:root:Aggregations: 2.1±0.185942
WARNING:root:FEATURES--> R2:
	single: 0.4859986105967635, aggregate: 0.6222301194574696, CI: 29.133848±2.303311%
WARNING:root:MSE:
	single: 79.20121095684458, aggregate: 58.18751131764268, CI: 26.10709±1.22661%
WARNING:root:Aggregations: 3.45±0.125118

5) 150 features
WARNING:root:R2:
	single: 0.4200090408197639, aggregate: 0.6811515804013427, CI: 67.729036±10.39119%
WARNING:root:MSE:
	single: 142.01313194585532, aggregate: 78.15559355973957, CI: 44.260328±3.72963%
WARNING:root:Aggregations: 2.4±0.429414
WARNING:root:FEATURES--> R2:
	single: 0.4200090408197639, aggregate: 0.7501973982682525, CI: 84.557436±9.865627%
WARNING:root:MSE:
	single: 142.01313194585532, aggregate: 61.13440643509891, CI: 56.461403±1.746492%
WARNING:root:Aggregations: 3.54±0.193713

6) 300 features
WARNING:root:R2:
	single: 0.2589112946959155, aggregate: 0.2589112946959155, CI: 0.0±0.0%
WARNING:root:MSE:
	single: 353.4961944098692, aggregate: 353.4961944098692, CI: 0.0±0.0%
WARNING:root:Aggregations: 10.0±0.0
WARNING:root:FEATURES--> R2:
	single: 0.2589112946959155, aggregate: 0.8075000815335327, CI: -1.9825±389.398121%
WARNING:root:MSE:
	single: 353.4961944098692, aggregate: 90.82516080767543, CI: 72.975274±4.054115%
WARNING:root:Aggregations: 14.833333±6.532081

######################################################################################################

### CHANGE NOISE ###

0) sigma=7.5
WARNING:root:R2:
	single: 0.487636197488439, aggregate: 0.64105641135337, CI: 33.445613±3.307263%
WARNING:root:MSE:
	single: 93.40309141661362, aggregate: 65.40801034712655, CI: 29.443205±1.449485%
WARNING:root:Aggregations: 2.0±0.0
WARNING:root:FEATURES--> R2:
	single: 0.487636197488439, aggregate: 0.6712688877500225, CI: 39.822628±3.420398%
WARNING:root:MSE:
	single: 93.40309141661362, aggregate: 59.84959333789663, CI: 35.362649±1.268365%
WARNING:root:Aggregations: 3.43±0.175866

1) sigma=1
WARNING:root:R2:
	single: 0.9869586590677956, aggregate: 0.9869586590677956, CI: 0.0±0.0%
WARNING:root:MSE:
	single: 1.6556278764777845, aggregate: 1.6556278764777845, CI: 0.0±0.0%
WARNING:root:Aggregations: 10.0±0.0
WARNING:root:FEATURES--> R2:
	single: 0.9869586590677956, aggregate: 0.981980103624371, CI: -0.50435±0.045317%
WARNING:root:MSE:
	single: 1.6556278764777845, aggregate: 2.2846573133051478, CI: -39.34098±3.87056%
WARNING:root:Aggregations: 3.97±0.167359

2) sigma=2.5

WARNING:root:R2:
	single: 0.9217739884252185, aggregate: 0.9324772233401439, CI: 1.168598±0.184767%
WARNING:root:MSE:
	single: 10.374547753325658, aggregate: 8.950476065560284, CI: 12.890011±2.01814%
WARNING:root:Aggregations: 3.1±0.333776
WARNING:root:FEATURES--> R2:
	single: 0.9217739884252185, aggregate: 0.9359324961320881, CI: 1.544884±0.205035%
WARNING:root:MSE:
	single: 10.374547753325658, aggregate: 8.483376889082376, CI: 17.225889±2.078563%
WARNING:root:Aggregations: 3.19±0.123012

3) sigma=5
WARNING:root:R2:
	single: 0.722650440354209, aggregate: 0.7985087544098726, CI: 10.646572±0.884852%
WARNING:root:MSE:
	single: 41.52806901496917, aggregate: 30.11775794510727, CI: 26.969313±1.623486%
WARNING:root:Aggregations: 2.2±0.247923
WARNING:root:FEATURES--> R2:
	single: 0.722650440354209, aggregate: 0.8148243243007944, CI: 12.939267±0.879823%
WARNING:root:MSE:
	single: 41.52806901496917, aggregate: 27.668322002030617, CI: 32.745197±1.376044%
WARNING:root:Aggregations: 3.09±0.114606

4) sigma=10
WARNING:root:R2:
	single: 0.263068402986619, aggregate: 0.49072739207162186, CI: 100.282433±47.983779%
WARNING:root:MSE:
	single: 165.73166199760502, aggregate: 114.50895575539977, CI: 30.322668±1.478779%
WARNING:root:Aggregations: 2.0±0.0
WARNING:root:FEATURES--> R2:
	single: 0.263068402986619, aggregate: 0.5333197765450854, CI: 119.685633±49.363766%
WARNING:root:MSE:
	single: 165.73166199760502, aggregate: 104.86441343351333, CI: 36.137133±1.273007%
WARNING:root:Aggregations: 3.52±0.131422

5) sigma=15
WARNING:root:R2:
	single: -0.06923011860288941, aggregate: 0.2622825377837999, CI: 1375.245469±2871.823829%
WARNING:root:MSE:
	single: 371.07819673015905, aggregate: 256.06678622382134, CI: 30.441199±1.470274%
WARNING:root:Aggregations: 2.0±0.0
WARNING:root:FEATURES--> R2:
	single: -0.06923011860288941, aggregate: 0.3266374201167761, CI: 2144.886413±4420.962686%
WARNING:root:MSE:
	single: 371.07819673015905, aggregate: 233.67857438287783, CI: 36.451195±1.228154%
WARNING:root:Aggregations: 3.68±0.117207

6) sigma=30
WARNING:root:R2:
	single: -0.4785026495371649, aggregate: -0.08143659575058618, CI: -83.791809±6.500299%
WARNING:root:MSE:
	single: 1500.181919258853, aggregate: 1099.416725635105, CI: 26.292887±2.143152%
WARNING:root:Aggregations: 2.4±0.303642
WARNING:root:FEATURES--> R2:
	single: -0.4785026495371649, aggregate: 0.025069127119309104, CI: -106.916772±4.853736%
WARNING:root:MSE:
	single: 1500.181919258853, aggregate: 990.5350748927086, CI: 33.392329±1.710638%
WARNING:root:Aggregations: 3.87±0.158397

######################################################################################################

### CHANGE TASKS ###

0) 10 task
WARNING:root:R2:
	single: 0.487636197488439, aggregate: 0.64105641135337, CI: 33.445613±3.307263%
WARNING:root:MSE:
	single: 93.40309141661362, aggregate: 65.40801034712655, CI: 29.443205±1.449485%
WARNING:root:Aggregations: 2.0±0.0
WARNING:root:FEATURES--> R2:
	single: 0.487636197488439, aggregate: 0.6712688877500225, CI: 39.822628±3.420398%
WARNING:root:MSE:
	single: 93.40309141661362, aggregate: 59.84959333789663, CI: 35.362649±1.268365%
WARNING:root:Aggregations: 3.43±0.175866

1) 2 task
WARNING:root:R2:
	single: 0.4880850022409316, aggregate: 0.5231020865978548, CI: 7.491715±5.20225%
WARNING:root:MSE:
	single: 93.59520058797646, aggregate: 87.38087511675492, CI: 6.769356±4.173345%
WARNING:root:Aggregations: 1.6±0.303642
WARNING:root:FEATURES--> R2:
	single: 0.4880850022409316, aggregate: 0.6462263226535401, CI: 33.638226±5.762143%
WARNING:root:MSE:
	single: 93.59520058797646, aggregate: 64.73801273584358, CI: 30.573997±3.021952%
WARNING:root:Aggregations: 4.1±0.273699

2) 5 task
WARNING:root:R2:
	single: 0.5069690674401194, aggregate: 0.6198383145751591, CI: 23.333077±3.974445%
WARNING:root:MSE:
	single: 92.66854783496078, aggregate: 71.41775864474359, CI: 22.631919±2.816405%
WARNING:root:Aggregations: 2.0±0.0
WARNING:root:FEATURES--> R2:
	single: 0.5069690674401194, aggregate: 0.6724952769883319, CI: 34.319107±4.304578%
WARNING:root:MSE:
	single: 92.66854783496078, aggregate: 61.55762009570692, CI: 33.12729±2.062014%
WARNING:root:Aggregations: 4.1±0.278568

3) 20 task
WARNING:root:R2:
	single: 0.5042553123986567, aggregate: 0.6731459477662953, CI: 35.890865±2.670442%
WARNING:root:MSE:
	single: 95.22580054225772, aggregate: 62.77607160969238, CI: 33.631015±1.088984%
WARNING:root:Aggregations: 2.2±0.247923
WARNING:root:FEATURES--> R2:
	single: 0.5042553123986567, aggregate: 0.6886326835338636, CI: 39.342984±2.796893%
WARNING:root:MSE:
	single: 95.22580054225772, aggregate: 59.826397470476614, CI: 36.667208±0.997352%
WARNING:root:Aggregations: 3.46±0.094853

4) 50 task
WARNING:root:R2:
	single: 0.4805855021912466, aggregate: 0.6248721033529104, CI: 33.095029±6.037957%
WARNING:root:MSE:
	single: 94.64066448157794, aggregate: 68.7023288108469, CI: 26.928605±5.560123%
WARNING:root:Aggregations: 3.5±0.309903
WARNING:root:FEATURES--> R2:
	single: 0.4805855021912466, aggregate: 0.6354982396257007, CI: 35.396994±6.028865%
WARNING:root:MSE:
	single: 94.64066448157794, aggregate: 66.74643621586736, CI: 28.979344±5.539472%
WARNING:root:Aggregations: 2.892±0.040009

5) 100 task
WARNING:root:R2:
	single: 0.4955433329412319, aggregate: 0.6066042708936942, CI: 24.302524±5.610537%
WARNING:root:MSE:
	single: 94.3271643669115, aggregate: 73.33987376278796, CI: 21.334958±5.198366%
WARNING:root:Aggregations: 3.9±0.185942
WARNING:root:FEATURES--> R2:
	single: 0.4955433329412319, aggregate: 0.6128304002638849, CI: 25.621823±5.600066%
WARNING:root:MSE:
	single: 94.3271643669115, aggregate: 72.17807146604144, CI: 22.560246±5.183687%
WARNING:root:Aggregations: 2.8±0.033147

######################################################################################################

### CHANGE eps1 ###

0) default: eps1=0
WARNING:root:R2:
	single: 0.487636197488439, aggregate: 0.64105641135337, CI: 33.445613±3.307263%
WARNING:root:MSE:
	single: 93.40309141661362, aggregate: 65.40801034712655, CI: 29.443205±1.449485%
WARNING:root:Aggregations: 2.0±0.0
WARNING:root:FEATURES--> R2:
	single: 0.487636197488439, aggregate: 0.6712688877500225, CI: 39.822628±3.420398%
WARNING:root:MSE:
	single: 93.40309141661362, aggregate: 59.84959333789663, CI: 35.362649±1.268365%
WARNING:root:Aggregations: 3.43±0.175866

1.1) eps1=-1 --> aggregate all
WARNING:root:R2:
	single: 0.48962109361459555, aggregate: -0.02387642666203694, CI: -105.162517±1.925135%
WARNING:root:MSE:
	single: 94.86091337621455, aggregate: 191.04898424666376, CI: -103.929588±9.083856%
WARNING:root:Aggregations: 1.0±0.0
WARNING:root:FEATURES--> R2:
	single: 0.48962109361459555, aggregate: -0.00941691347752714, CI: -101.934251±1.396051%
WARNING:root:MSE:
	single: 94.86091337621455, aggregate: 188.46670100157766, CI: -101.212041±9.360624%
WARNING:root:Aggregations: 4.333333±0.16869

1) eps1=-0.1
WARNING:root:R2:
	single: 0.4808630550346926, aggregate: 0.6374011166785969, CI: 34.441954±3.270708%
WARNING:root:MSE:
	single: 93.18245064476935, aggregate: 65.01277237427414, CI: 29.660753±1.44012%
WARNING:root:Aggregations: 2.0±0.0
WARNING:root:FEATURES--> R2:
	single: 0.4808630550346926, aggregate: 0.6672027920776799, CI: 40.833098±3.408889%
WARNING:root:MSE:
	single: 93.18245064476935, aggregate: 59.637976781199576, CI: 35.387718±1.296516%
WARNING:root:Aggregations: 3.28±0.133165

2) eps=-0.01
WARNING:root:R2:
	single: 0.48075408684565807, aggregate: 0.6367832711102258, CI: 34.316292±3.254803%
WARNING:root:MSE:
	single: 93.27444470188793, aggregate: 65.19629824043294, CI: 29.572806±1.437457%
WARNING:root:Aggregations: 2.0±0.0
WARNING:root:FEATURES--> R2:
	single: 0.48075408684565807, aggregate: 0.665939345225522, CI: 40.564525±3.377802%
WARNING:root:MSE:
	single: 93.27444470188793, aggregate: 59.93964454548165, CI: 35.181837±1.270388%
WARNING:root:Aggregations: 3.38±0.151263

3) eps1=-0.001
WARNING:root:R2:
	single: 0.4831371587906197, aggregate: 0.6385678190219829, CI: 34.164308±3.349366%
WARNING:root:MSE:
	single: 93.29570947023635, aggregate: 65.189474278745, CI: 29.520236±1.494453%
WARNING:root:Aggregations: 2.0±0.0
WARNING:root:FEATURES--> R2:
	single: 0.4831371587906197, aggregate: 0.6686407133783139, CI: 40.576637±3.483419%
WARNING:root:MSE:
	single: 93.29570947023635, aggregate: 59.726170401647934, CI: 35.344009±1.33384%
WARNING:root:Aggregations: 3.28±0.133165

4) eps1=-0.0001
WARNING:root:R2:
	single: 0.4858035992403106, aggregate: 0.6415551169086839, CI: 34.043697±3.326984%
WARNING:root:MSE:
	single: 93.3382401680597, aggregate: 64.99615376173692, CI: 29.778249±1.478894%
WARNING:root:Aggregations: 2.0±0.0
WARNING:root:FEATURES--> R2:
	single: 0.4858035992403106, aggregate: 0.670289463890338, CI: 40.162905±3.463892%
WARNING:root:MSE:
	single: 93.3382401680597, aggregate: 59.77021164312885, CI: 35.354817±1.311925%
WARNING:root:Aggregations: 3.28±0.133165

5) eps1= 0.0001
WARNING:root:R2:
	single: 0.4826782021311161, aggregate: 0.6372532854107702, CI: 34.089849±3.34818%
WARNING:root:MSE:
	single: 93.11456449897857, aggregate: 65.28886179101683, CI: 29.295356±1.510932%
WARNING:root:Aggregations: 2.0±0.0
WARNING:root:FEATURES--> R2:
	single: 0.4826782021311161, aggregate: 0.6671504562907145, CI: 40.510406±3.507826%
WARNING:root:MSE:
	single: 93.11456449897857, aggregate: 59.884074914974, CI: 35.052666±1.374016%
WARNING:root:Aggregations: 3.23±0.129583

6) eps1=0.001
WARNING:root:R2:
	single: 0.482541745801332, aggregate: 0.6387880167907427, CI: 34.659478±3.597909%
WARNING:root:MSE:
	single: 93.16231783618451, aggregate: 65.02758189578874, CI: 29.583569±1.516778%
WARNING:root:Aggregations: 2.0±0.0
WARNING:root:FEATURES--> R2:
	single: 0.482541745801332, aggregate: 0.6678836219543449, CI: 40.911493±3.766689%
WARNING:root:MSE:
	single: 93.16231783618451, aggregate: 59.76417200532167, CI: 35.201388±1.359304%
WARNING:root:Aggregations: 3.23±0.129583

7) eps=0.01
WARNING:root:R2:
	single: 0.4770084790039635, aggregate: 0.6360240926248492, CI: 35.356477±3.362751%
WARNING:root:MSE:
	single: 93.47959603886882, aggregate: 64.98909710873541, CI: 29.901494±1.478989%
WARNING:root:Aggregations: 2.0±0.0
WARNING:root:FEATURES--> R2:
	single: 0.4770084790039635, aggregate: 0.6655129702850098, CI: 41.774477±3.546655%
WARNING:root:MSE:
	single: 93.47959603886882, aggregate: 59.71384165330993, CI: 35.527554±1.290674%
WARNING:root:Aggregations: 3.33±0.135948

8) eps=0.1
WARNING:root:R2:
	single: 0.4807671666276589, aggregate: 0.6377249322209732, CI: 34.627074±3.339212%
WARNING:root:MSE:
	single: 93.25206287196941, aggregate: 65.00859728395777, CI: 29.70417±1.467783%
WARNING:root:Aggregations: 2.0±0.0
WARNING:root:FEATURES--> R2:
	single: 0.4807671666276589, aggregate: 0.6667315643946958, CI: 40.856071±3.480799%
WARNING:root:MSE:
	single: 93.25206287196941, aggregate: 59.77708041588107, CI: 35.283796±1.305434%
WARNING:root:Aggregations: 3.28±0.133165

9.0) eps=1
WARNING:root:R2:
	single: 0.4630958060564509, aggregate: 0.587625275213616, CI: 28.970919±6.033965%
WARNING:root:MSE:
	single: 93.90609440169301, aggregate: 72.040114602024, CI: 22.933634±3.007499%
WARNING:root:Aggregations: 3.666667±0.533444
WARNING:root:FEATURES--> R2:
	single: 0.4630958060564509, aggregate: 0.6401203273594562, CI: 41.370447±7.371357%
WARNING:root:MSE:
	single: 93.90609440169301, aggregate: 62.87581133600839, CI: 32.501185±2.465295%
WARNING:root:Aggregations: 4.2±0.325357

9.1) eps=2
WARNING:root:R2:
	single: 0.47602537278473805, aggregate: 0.527241169787793, CI: 11.435472±5.022561%
WARNING:root:MSE:
	single: 94.31462246008232, aggregate: 85.07618111789289, CI: 9.548644±3.640752%
WARNING:root:Aggregations: 7.333333±1.066889
WARNING:root:FEATURES--> R2:
	single: 0.47602537278473805, aggregate: 0.6368337825278164, CI: 35.709062±5.533074%
WARNING:root:MSE:
	single: 94.31462246008232, aggregate: 65.41248648933721, CI: 30.374552±2.254133%
WARNING:root:Aggregations: 4.2±0.350615

9) eps=10
WARNING:root:R2:
	single: 0.4721412782726396, aggregate: 0.4721412782726396, CI: 0.0±0.0%
WARNING:root:MSE:
	single: 94.76814935434705, aggregate: 94.76814935434705, CI: 0.0±0.0%
WARNING:root:Aggregations: 10.0±0.0
WARNING:root:FEATURES--> R2:
	single: 0.4721412782726396, aggregate: 0.623662900568205, CI: 34.319602±5.688459%
WARNING:root:MSE:
	single: 94.76814935434705, aggregate: 67.80882676965118, CI: 28.221806±2.196921%
WARNING:root:Aggregations: 3.966667±0.284531

######################################################################################################

### CHANGE eps2 ###

0) default: eps2=0.0001
WARNING:root:R2:
	single: 0.487636197488439, aggregate: 0.64105641135337, CI: 33.445613±3.307263%
WARNING:root:MSE:
	single: 93.40309141661362, aggregate: 65.40801034712655, CI: 29.443205±1.449485%
WARNING:root:Aggregations: 2.0±0.0
WARNING:root:FEATURES--> R2:
	single: 0.487636197488439, aggregate: 0.6712688877500225, CI: 39.822628±3.420398%
WARNING:root:MSE:
	single: 93.40309141661362, aggregate: 59.84959333789663, CI: 35.362649±1.268365%
WARNING:root:Aggregations: 3.43±0.175866

1) eps2=0.000001
WARNING:root:R2:
	single: 0.4794883450291161, aggregate: 0.6361473245923399, CI: 34.61515±3.29362%
WARNING:root:MSE:
	single: 92.95547790799306, aggregate: 64.94120469906083, CI: 29.586162±1.454783%
WARNING:root:Aggregations: 2.0±0.0
WARNING:root:FEATURES--> R2:
	single: 0.4794883450291161, aggregate: 0.6635758654535625, CI: 40.486618±3.369169%
WARNING:root:MSE:
	single: 92.95547790799306, aggregate: 60.00698724113089, CI: 34.869287±1.27557%
WARNING:root:Aggregations: 3.79±0.147444

2) eps2=0.00001
WARNING:root:R2:
	single: 0.4806721263559121, aggregate: 0.6358000188946561, CI: 34.262711±3.373142%
WARNING:root:MSE:
	single: 93.24620752451739, aggregate: 65.34411328445749, CI: 29.314043±1.573441%
WARNING:root:Aggregations: 2.1±0.185942
WARNING:root:FEATURES--> R2:
	single: 0.4806721263559121, aggregate: 0.6643662790932149, CI: 40.38146±3.458585%
WARNING:root:MSE:
	single: 93.24620752451739, aggregate: 60.20093319092254, CI: 34.815326±1.37383%
WARNING:root:Aggregations: 4.05±0.157716

3) eps2=0.001
WARNING:root:R2:
	single: 0.47905912613700496, aggregate: 0.6326602620503783, CI: 33.954205±3.387243%
WARNING:root:MSE:
	single: 93.3716995332189, aggregate: 65.80406280983904, CI: 29.020383±1.597527%
WARNING:root:Aggregations: 2.1±0.185942
WARNING:root:FEATURES--> R2:
	single: 0.47905912613700496, aggregate: 0.6699148230625029, CI: 42.144716±3.575374%
WARNING:root:MSE:
	single: 93.3716995332189, aggregate: 59.089007404901764, CI: 36.092041±1.299066%
WARNING:root:Aggregations: 1.89±0.177258

4) eps2=0.01

WARNING:root:R2:
	single: 0.48939047491530546, aggregate: 0.6425574552330441, CI: 33.368667±3.34087%
WARNING:root:MSE:
	single: 93.19130493658234, aggregate: 65.22434057421641, CI: 29.470809±1.438123%
WARNING:root:Aggregations: 2.0±0.0
WARNING:root:FEATURES--> R2:
	single: 0.48939047491530546, aggregate: 0.6803939618729025, CI: 41.403271±3.606159%
WARNING:root:MSE:
	single: 93.19130493658234, aggregate: 58.28068395968668, CI: 36.874323±1.267565%
WARNING:root:Aggregations: 1.0±0.0

0
WARNING:root:R2:
	single: 0.4905785659773853, aggregate: 0.6428174410210624, CI: 33.134925±3.35579%
WARNING:root:MSE:
	single: 92.95889574667775, aggregate: 65.18298937235697, CI: 29.335426±1.459705%
WARNING:root:Aggregations: 2.0±0.0
WARNING:root:FEATURES--> R2:
	single: 0.4905785659773853, aggregate: 0.6694938731412752, CI: 38.780434±3.482361%
WARNING:root:MSE:
	single: 92.95889574667775, aggregate: 60.30664746622951, CI: 34.549841±1.30999%
WARNING:root:Aggregations: 4.16±0.189462

######################################################################################################

### CHANGE noise correlation ###

0) uncorrelated noises
WARNING:root:R2:
	single: 0.487636197488439, aggregate: 0.64105641135337, CI: 33.445613±3.307263%
WARNING:root:MSE:
	single: 93.40309141661362, aggregate: 65.40801034712655, CI: 29.443205±1.449485%
WARNING:root:Aggregations: 2.0±0.0
WARNING:root:FEATURES--> R2:
	single: 0.487636197488439, aggregate: 0.6712688877500225, CI: 39.822628±3.420398%
WARNING:root:MSE:
	single: 93.40309141661362, aggregate: 59.84959333789663, CI: 35.362649±1.268365%
WARNING:root:Aggregations: 3.43±0.175866

1) ... 

